{"level":"info","time":"2026-06-19T06:48:36Z","message":"Thank you for trying Cloudflare Tunnel. Doing so, without a Cloudflare account, is a quick way to experiment and try it out. However, be aware that these account-less Tunnels have no uptime guarantee, are subject to the Cloudflare Online Services Terms of Use (https://www.cloudflare.com/website-terms/), and Cloudflare reserves the right to investigate your use of Tunnels for violations of such terms. If you intend to use Tunnels in production you should use a pre-created named tunnel by following: https://developers.cloudflare.com/cloudflare-one/connections/connect-apps"}
{"level":"info","time":"2026-06-19T06:48:36Z","message":"Requesting new quick Tunnel on trycloudflare.com..."}
{"level":"info","time":"2026-06-19T06:48:40Z","message":"+--------------------------------------------------------------------------------------------+"}
{"level":"info","time":"2026-06-19T06:48:40Z","message":"|  Your quick Tunnel has been created! Visit it at (it may take some time to be reachable):  |"}
{"level":"info","time":"2026-06-19T06:48:40Z","message":"|  https://mag-voting-cameras-discussion.trycloudflare.com                                   |"}
{"level":"info","time":"2026-06-19T06:48:40Z","message":"+--------------------------------------------------------------------------------------------+"}
{"level":"info","time":"2026-06-19T06:48:40Z","message":"Cannot determine default configuration path. No file [config.yml config.yaml] in [~/.cloudflared ~/.cloudflare-warp ~/cloudflare-warp]"}
{"level":"info","time":"2026-06-19T06:48:40Z","message":"Version 2026.6.0 (Checksum 03e322598e84d77406fa55b93f59e8e54636c5d8501d9dce36697fcf080ed8cc)"}
{"level":"info","time":"2026-06-19T06:48:40Z","message":"GOOS: windows, GOVersion: go1.26.4, GoArch: amd64"}
{"level":"info","time":"2026-06-19T06:48:40Z","message":"Settings: map[ha-connections:1 logfile:tunnel.log protocol:quic url:http://localhost:8000]"}
{"level":"info","time":"2026-06-19T06:48:40Z","message":"cloudflared will not automatically update on Windows systems."}
{"level":"info","time":"2026-06-19T06:48:41Z","message":"Generated Connector ID: 6a2c0cf4-bd86-4c3f-b541-386f9efcff71"}
{"level":"info","time":"2026-06-19T06:48:41Z","message":"Initial protocol quic"}
{"level":"info","time":"2026-06-19T06:48:41Z","message":"ICMP proxy will use 172.29.251.224 as source for IPv4"}
{"level":"info","time":"2026-06-19T06:48:41Z","message":"ICMP proxy will use fe80::5fa8:3157:610f:3b1a in zone イーサネット 3 as source for IPv6"}
{"level":"info","time":"2026-06-19T06:48:41Z","message":"cloudflared does not support loading the system root certificate pool on Windows. Please use --origin-ca-pool <PATH> to specify the path to the certificate pool"}
{"level":"info","time":"2026-06-19T06:48:41Z","message":"ICMP proxy will use 172.29.251.224 as source for IPv4"}
{"level":"info","event":0,"ip":"198.41.200.113","connIndex":0,"time":"2026-06-19T06:48:41Z","message":"Tunnel connection curve preferences: [X25519MLKEM768 CurveID(65074) CurveP256]"}
{"level":"info","time":"2026-06-19T06:48:41Z","message":"ICMP proxy will use fe80::5fa8:3157:610f:3b1a in zone イーサネット 3 as source for IPv6"}
{"level":"info","time":"2026-06-19T06:48:41Z","message":"Starting metrics server on 127.0.0.1:20241/metrics"}
{"level":"info","event":0,"connection":"7fb8dfbf-f4be-4670-b94b-a3103b839a78","connIndex":0,"location":"nrt16","ip":"198.41.200.113","protocol":"quic","time":"2026-06-19T06:48:41Z","message":"Registered tunnel connection"}
{"level":"info","time":"2026-06-19T06:48:51Z","message":"+-----------------------------------------------------------------------------------------------+"}
{"level":"info","time":"2026-06-19T06:48:51Z","message":"|                                    CONNECTIVITY PRE-CHECKS                                    |"}
{"level":"info","time":"2026-06-19T06:48:51Z","message":"+-----------------------------------------------------------------------------------------------+"}
{"level":"info","time":"2026-06-19T06:48:51Z","message":"|  COMPONENT         TARGET                     STATUS  DETAILS                                 |"}
{"level":"info","time":"2026-06-19T06:48:51Z","message":"|  DNS Resolution    region1.v2.argotunnel.com  PASS    DNS Resolved successfully               |"}
{"level":"info","time":"2026-06-19T06:48:51Z","message":"|  DNS Resolution    region2.v2.argotunnel.com  PASS    DNS Resolved successfully               |"}
{"level":"info","time":"2026-06-19T06:48:51Z","message":"|  UDP Connectivity  region1.v2.argotunnel.com  FAIL    QUIC connection failed                  |"}
{"level":"info","time":"2026-06-19T06:48:51Z","message":"|  UDP Connectivity  region2.v2.argotunnel.com  FAIL    QUIC connection failed                  |"}
{"level":"info","time":"2026-06-19T06:48:51Z","message":"|  TCP Connectivity  region1.v2.argotunnel.com  PASS    HTTP/2 connection successful            |"}
{"level":"info","time":"2026-06-19T06:48:51Z","message":"|  TCP Connectivity  region2.v2.argotunnel.com  PASS    HTTP/2 connection successful            |"}
{"level":"info","time":"2026-06-19T06:48:51Z","message":"|  Cloudflare API    api.cloudflare.com:443     PASS    API is reachable                        |"}
{"level":"info","time":"2026-06-19T06:48:51Z","message":"|  WARNING: Allow outbound QUIC traffic on port 7844 or use HTTP2.                              |"}
{"level":"info","time":"2026-06-19T06:48:51Z","message":"|  WARNING: Allow outbound QUIC traffic on port 7844 or use HTTP2.                              |"}
{"level":"info","time":"2026-06-19T06:48:51Z","message":"|                                                                                               |"}
{"level":"info","time":"2026-06-19T06:48:51Z","message":"|  SUMMARY: Environment ready with degraded transport. cloudflared will proceed using 'http2'.  |"}
{"level":"info","time":"2026-06-19T06:48:51Z","message":"+-----------------------------------------------------------------------------------------------+"}
{"level":"info","run_id":"25e9cf55-20ae-48e9-94cb-a4c550beb22b","component":"DNS Resolution","target":"region1.v2.argotunnel.com","status":"pass","details":"DNS Resolved successfully","time":"2026-06-19T06:48:51Z","message":"precheck"}
{"level":"info","run_id":"25e9cf55-20ae-48e9-94cb-a4c550beb22b","component":"DNS Resolution","target":"region2.v2.argotunnel.com","status":"pass","details":"DNS Resolved successfully","time":"2026-06-19T06:48:51Z","message":"precheck"}
{"level":"info","run_id":"25e9cf55-20ae-48e9-94cb-a4c550beb22b","component":"UDP Connectivity","target":"region1.v2.argotunnel.com","status":"fail","details":"QUIC connection failed","time":"2026-06-19T06:48:51Z","message":"precheck"}
{"level":"info","run_id":"25e9cf55-20ae-48e9-94cb-a4c550beb22b","component":"UDP Connectivity","target":"region2.v2.argotunnel.com","status":"fail","details":"QUIC connection failed","time":"2026-06-19T06:48:51Z","message":"precheck"}
{"level":"info","run_id":"25e9cf55-20ae-48e9-94cb-a4c550beb22b","component":"TCP Connectivity","target":"region1.v2.argotunnel.com","status":"pass","details":"HTTP/2 connection successful","time":"2026-06-19T06:48:51Z","message":"precheck"}
{"level":"info","run_id":"25e9cf55-20ae-48e9-94cb-a4c550beb22b","component":"TCP Connectivity","target":"region2.v2.argotunnel.com","status":"pass","details":"HTTP/2 connection successful","time":"2026-06-19T06:48:51Z","message":"precheck"}
{"level":"info","run_id":"25e9cf55-20ae-48e9-94cb-a4c550beb22b","component":"Cloudflare API","target":"api.cloudflare.com:443","status":"pass","details":"API is reachable","time":"2026-06-19T06:48:51Z","message":"precheck"}
{"level":"info","run_id":"25e9cf55-20ae-48e9-94cb-a4c550beb22b","hard_fail":false,"suggested_protocol":"http2","time":"2026-06-19T06:48:51Z","message":"precheck complete"}
{"level":"info","time":"2026-06-19T06:58:23Z","message":"Initiating graceful shutdown due to signal terminated ..."}
{"level":"error","event":0,"ip":"198.41.200.113","connIndex":0,"error":"context canceled","time":"2026-06-19T06:58:23Z","message":"failed to run the datagram handler"}
{"level":"error","event":0,"ip":"198.41.200.113","connIndex":0,"error":"accept stream listener encountered a failure while serving","time":"2026-06-19T06:58:23Z","message":"failed to serve tunnel connection"}
{"level":"error","event":0,"ip":"198.41.200.113","connIndex":0,"error":"accept stream listener encountered a failure while serving","time":"2026-06-19T06:58:23Z","message":"Serve tunnel error"}
{"level":"info","event":0,"ip":"198.41.200.113","connIndex":0,"time":"2026-06-19T06:58:23Z","message":"Retrying connection in up to 1s"}
{"level":"error","connIndex":0,"time":"2026-06-19T06:58:23Z","message":"Connection terminated"}
{"level":"error","time":"2026-06-19T06:58:23Z","message":"no more connections active and exiting"}
{"level":"info","time":"2026-06-19T06:58:23Z","message":"Tunnel server stopped"}
{"level":"info","time":"2026-06-19T06:58:23Z","message":"Metrics server stopped"}
